\BOOKMARK [1][-]{section.1}{Revisionshistorik}{}% 1
\BOOKMARK [1][-]{section.2}{Inledning}{}% 2
\BOOKMARK [2][-]{subsection.2.1}{Syfte}{section.2}% 3
\BOOKMARK [2][-]{subsection.2.2}{Introduktion}{section.2}% 4
\BOOKMARK [2][-]{subsection.2.3}{Målgrupp}{section.2}% 5
\BOOKMARK [1][-]{section.3}{Användarhandledning}{}% 6
\BOOKMARK [2][-]{subsection.3.1}{Installation}{section.3}% 7
\BOOKMARK [2][-]{subsection.3.2}{Variabler\040och\040Tilldelning}{section.3}% 8
\BOOKMARK [2][-]{subsection.3.3}{Matematiska\040Operationer}{section.3}% 9
\BOOKMARK [2][-]{subsection.3.4}{Kommentarer}{section.3}% 10
\BOOKMARK [2][-]{subsection.3.5}{Print}{section.3}% 11
\BOOKMARK [2][-]{subsection.3.6}{Villkor/if-satser}{section.3}% 12
\BOOKMARK [2][-]{subsection.3.7}{Iterationer}{section.3}% 13
\BOOKMARK [2][-]{subsection.3.8}{Funktioner}{section.3}% 14
\BOOKMARK [2][-]{subsection.3.9}{multipleSstrings}{section.3}% 15
\BOOKMARK [1][-]{section.4}{Systemdokumentation}{}% 16
\BOOKMARK [2][-]{subsection.4.1}{Lexikaliska\040Analys}{section.4}% 17
\BOOKMARK [2][-]{subsection.4.2}{Parsning}{section.4}% 18
\BOOKMARK [1][-]{section.5}{Reflektion}{}% 19
\BOOKMARK [1][-]{section.6}{BNF\040Grammatik}{}% 20
\BOOKMARK [1][-]{section.7}{Bilder}{}% 21
